#<NFunction:<Grid:min=1.000000,max=19.900000,stepSize=0.009953,size=1900>>
  0.1000000E+01  0.1991745E+06
  0.1009953E+01  0.1955007E+06
  0.1019905E+01  0.1918331E+06
  0.1029858E+01  0.1881778E+06
  0.1039810E+01  0.1845412E+06
  0.1049763E+01  0.1809293E+06
  0.1059716E+01  0.1773484E+06
  0.1069668E+01  0.1738046E+06
  0.1079621E+01  0.1703042E+06
  0.1089573E+01  0.1668533E+06
  0.1099526E+01  0.1634581E+06
  0.1109479E+01  0.1602407E+06
  0.1119431E+01  0.1570903E+06
  0.1129384E+01  0.1540000E+06
  0.1139336E+01  0.1509686E+06
  0.1149289E+01  0.1479951E+06
  0.1159242E+01  0.1450784E+06
  0.1169194E+01  0.1422172E+06
  0.1179147E+01  0.1394106E+06
  0.1189100E+01  0.1366575E+06
  0.1199052E+01  0.1339567E+06
  0.1209005E+01  0.1313035E+06
  0.1218957E+01  0.1287003E+06
  0.1228910E+01  0.1261466E+06
  0.1238863E+01  0.1236414E+06
  0.1248815E+01  0.1211840E+06
  0.1258768E+01  0.1187735E+06
  0.1268720E+01  0.1164089E+06
  0.1278673E+01  0.1140895E+06
  0.1288626E+01  0.1118144E+06
  0.1298578E+01  0.1095827E+06
  0.1308531E+01  0.1073912E+06
  0.1318483E+01  0.1052411E+06
  0.1328436E+01  0.1031321E+06
  0.1338389E+01  0.1010635E+06
  0.1348341E+01  0.9903453E+05
  0.1358294E+01  0.9704456E+05
  0.1368246E+01  0.9509286E+05
  0.1378199E+01  0.9317871E+05
  0.1388152E+01  0.9130140E+05
  0.1398104E+01  0.8946023E+05
  0.1408057E+01  0.8765289E+05
  0.1418009E+01  0.8587999E+05
  0.1427962E+01  0.8414133E+05
  0.1437915E+01  0.8243630E+05
  0.1447867E+01  0.8076432E+05
  0.1457820E+01  0.7912480E+05
  0.1467773E+01  0.7751716E+05
  0.1477725E+01  0.7594080E+05
  0.1487678E+01  0.7439513E+05
  0.1497630E+01  0.7287957E+05
  0.1507583E+01  0.7139233E+05
  0.1517536E+01  0.6993370E+05
  0.1527488E+01  0.6850358E+05
  0.1537441E+01  0.6710147E+05
  0.1547393E+01  0.6572686E+05
  0.1557346E+01  0.6437928E+05
  0.1567299E+01  0.6305821E+05
  0.1577251E+01  0.6176317E+05
  0.1587204E+01  0.6049366E+05
  0.1597156E+01  0.5924919E+05
  0.1607109E+01  0.5802833E+05
  0.1617062E+01  0.5683118E+05
  0.1627014E+01  0.5565773E+05
  0.1636967E+01  0.5450754E+05
  0.1646919E+01  0.5338020E+05
  0.1656872E+01  0.5227529E+05
  0.1666825E+01  0.5119239E+05
  0.1676777E+01  0.5013110E+05
  0.1686730E+01  0.4909099E+05
  0.1696682E+01  0.4807164E+05
  0.1706635E+01  0.4707189E+05
  0.1716588E+01  0.4609175E+05
  0.1726540E+01  0.4513123E+05
  0.1736493E+01  0.4418999E+05
  0.1746445E+01  0.4326766E+05
  0.1756398E+01  0.4236391E+05
  0.1766351E+01  0.4147838E+05
  0.1776303E+01  0.4061072E+05
  0.1786256E+01  0.3976058E+05
  0.1796209E+01  0.3892761E+05
  0.1806161E+01  0.3811087E+05
  0.1816114E+01  0.3731027E+05
  0.1826066E+01  0.3652587E+05
  0.1836019E+01  0.3575740E+05
  0.1845972E+01  0.3500454E+05
  0.1855924E+01  0.3426701E+05
  0.1865877E+01  0.3354452E+05
  0.1875829E+01  0.3283677E+05
  0.1885782E+01  0.3214347E+05
  0.1895735E+01  0.3146432E+05
  0.1905687E+01  0.3079856E+05
  0.1915640E+01  0.3014604E+05
  0.1925592E+01  0.2950688E+05
  0.1935545E+01  0.2888082E+05
  0.1945498E+01  0.2826761E+05
  0.1955450E+01  0.2766703E+05
  0.1965403E+01  0.2707881E+05
  0.1975355E+01  0.2650271E+05
  0.1985308E+01  0.2593849E+05
  0.1995261E+01  0.2538591E+05
  0.2005213E+01  0.2484435E+05
  0.2015166E+01  0.2431363E+05
  0.2025118E+01  0.2379387E+05
  0.2035071E+01  0.2328486E+05
  0.2045024E+01  0.2278642E+05
  0.2054976E+01  0.2229832E+05
  0.2064929E+01  0.2182037E+05
  0.2074882E+01  0.2135237E+05
  0.2084834E+01  0.2089410E+05
  0.2094787E+01  0.2044538E+05
  0.2104739E+01  0.2000571E+05
  0.2114692E+01  0.1957487E+05
  0.2124645E+01  0.1915302E+05
  0.2134597E+01  0.1873997E+05
  0.2144550E+01  0.1833557E+05
  0.2154502E+01  0.1793964E+05
  0.2164455E+01  0.1755202E+05
  0.2174408E+01  0.1717253E+05
  0.2184360E+01  0.1680102E+05
  0.2194313E+01  0.1643730E+05
  0.2204265E+01  0.1608100E+05
  0.2214218E+01  0.1573190E+05
  0.2224171E+01  0.1539013E+05
  0.2234123E+01  0.1505556E+05
  0.2244076E+01  0.1472805E+05
  0.2254028E+01  0.1440746E+05
  0.2263981E+01  0.1409365E+05
  0.2273934E+01  0.1378649E+05
  0.2283886E+01  0.1348583E+05
  0.2293839E+01  0.1319153E+05
  0.2303791E+01  0.1290330E+05
  0.2313744E+01  0.1262092E+05
  0.2323697E+01  0.1234451E+05
  0.2333649E+01  0.1207398E+05
  0.2343602E+01  0.1180920E+05
  0.2353555E+01  0.1155006E+05
  0.2363507E+01  0.1129645E+05
  0.2373460E+01  0.1104825E+05
  0.2383412E+01  0.1080534E+05
  0.2393365E+01  0.1056762E+05
  0.2403318E+01  0.1033486E+05
  0.2413270E+01  0.1010683E+05
  0.2423223E+01  0.9883667E+04
  0.2433175E+01  0.9665281E+04
  0.2443128E+01  0.9451576E+04
  0.2453081E+01  0.9242460E+04
  0.2463033E+01  0.9037839E+04
  0.2472986E+01  0.8837619E+04
  0.2482938E+01  0.8641706E+04
  0.2492891E+01  0.8450008E+04
  0.2502844E+01  0.8262349E+04
  0.2512796E+01  0.8078517E+04
  0.2522749E+01  0.7898641E+04
  0.2532701E+01  0.7722644E+04
  0.2542654E+01  0.7550450E+04
  0.2552607E+01  0.7381981E+04
  0.2562559E+01  0.7217161E+04
  0.2572512E+01  0.7055915E+04
  0.2582464E+01  0.6898164E+04
  0.2592417E+01  0.6743833E+04
  0.2602370E+01  0.6592790E+04
  0.2612322E+01  0.6444837E+04
  0.2622275E+01  0.6300092E+04
  0.2632227E+01  0.6158491E+04
  0.2642180E+01  0.6019974E+04
  0.2652133E+01  0.5884477E+04
  0.2662085E+01  0.5751938E+04
  0.2672038E+01  0.5622294E+04
  0.2681991E+01  0.5495484E+04
  0.2691943E+01  0.5371443E+04
  0.2701896E+01  0.5250074E+04
  0.2711848E+01  0.5131196E+04
  0.2721801E+01  0.5014915E+04
  0.2731754E+01  0.4901180E+04
  0.2741706E+01  0.4789940E+04
  0.2751659E+01  0.4681145E+04
  0.2761611E+01  0.4574743E+04
  0.2771564E+01  0.4470684E+04
  0.2781517E+01  0.4368916E+04
  0.2791469E+01  0.4269390E+04
  0.2801422E+01  0.4172031E+04
  0.2811374E+01  0.4076676E+04
  0.2821327E+01  0.3983420E+04
  0.2831280E+01  0.3892222E+04
  0.2841232E+01  0.3803041E+04
  0.2851185E+01  0.3715835E+04
  0.2861137E+01  0.3630562E+04
  0.2871090E+01  0.3547182E+04
  0.2881043E+01  0.3465653E+04
  0.2890995E+01  0.3385933E+04
  0.2900948E+01  0.3307969E+04
  0.2910900E+01  0.3231616E+04
  0.2920853E+01  0.3156956E+04
  0.2930806E+01  0.3083957E+04
  0.2940758E+01  0.3012585E+04
  0.2950711E+01  0.2942806E+04
  0.2960664E+01  0.2874587E+04
  0.2970616E+01  0.2807895E+04
  0.2980569E+01  0.2742695E+04
  0.2990521E+01  0.2678954E+04
  0.3000474E+01  0.2616633E+04
  0.3010427E+01  0.2555604E+04
  0.3020379E+01  0.2495939E+04
  0.3030332E+01  0.2437612E+04
  0.3040284E+01  0.2380596E+04
  0.3050237E+01  0.2324863E+04
  0.3060190E+01  0.2270387E+04
  0.3070142E+01  0.2217139E+04
  0.3080095E+01  0.2165093E+04
  0.3090047E+01  0.2114222E+04
  0.3100000E+01  0.2064497E+04
  0.3109953E+01  0.2015807E+04
  0.3119905E+01  0.1968214E+04
  0.3129858E+01  0.1921698E+04
  0.3139810E+01  0.1876235E+04
  0.3149763E+01  0.1831805E+04
  0.3159716E+01  0.1788384E+04
  0.3169668E+01  0.1745952E+04
  0.3179621E+01  0.1704485E+04
  0.3189573E+01  0.1663962E+04
  0.3199526E+01  0.1624362E+04
  0.3209479E+01  0.1585593E+04
  0.3219431E+01  0.1547704E+04
  0.3229384E+01  0.1510678E+04
  0.3239336E+01  0.1474499E+04
  0.3249289E+01  0.1439148E+04
  0.3259242E+01  0.1404608E+04
  0.3269194E+01  0.1370861E+04
  0.3279147E+01  0.1337889E+04
  0.3289100E+01  0.1305674E+04
  0.3299052E+01  0.1274199E+04
  0.3309005E+01  0.1243394E+04
  0.3318957E+01  0.1213290E+04
  0.3328910E+01  0.1183879E+04
  0.3338863E+01  0.1155146E+04
  0.3348815E+01  0.1127077E+04
  0.3358768E+01  0.1099658E+04
  0.3368720E+01  0.1072874E+04
  0.3378673E+01  0.1046712E+04
  0.3388626E+01  0.1021155E+04
  0.3398578E+01  0.9961915E+03
  0.3408531E+01  0.9717654E+03
  0.3418483E+01  0.9478986E+03
  0.3428436E+01  0.9245861E+03
  0.3438389E+01  0.9018165E+03
  0.3448341E+01  0.8795781E+03
  0.3458294E+01  0.8578594E+03
  0.3468246E+01  0.8366489E+03
  0.3478199E+01  0.8159349E+03
  0.3488152E+01  0.7957059E+03
  0.3498104E+01  0.7759504E+03
  0.3508057E+01  0.7566262E+03
  0.3518009E+01  0.7377468E+03
  0.3527962E+01  0.7193104E+03
  0.3537915E+01  0.7013075E+03
  0.3547867E+01  0.6837289E+03
  0.3557820E+01  0.6665653E+03
  0.3567773E+01  0.6498074E+03
  0.3577725E+01  0.6334459E+03
  0.3587678E+01  0.6174715E+03
  0.3597630E+01  0.6018749E+03
  0.3607583E+01  0.5866235E+03
  0.3617536E+01  0.5717253E+03
  0.3627488E+01  0.5571803E+03
  0.3637441E+01  0.5429810E+03
  0.3647393E+01  0.5291199E+03
  0.3657346E+01  0.5155896E+03
  0.3667299E+01  0.5023826E+03
  0.3677251E+01  0.4894914E+03
  0.3687204E+01  0.4769086E+03
  0.3697156E+01  0.4646268E+03
  0.3707109E+01  0.4526207E+03
  0.3717062E+01  0.4408945E+03
  0.3727014E+01  0.4294494E+03
  0.3736967E+01  0.4182793E+03
  0.3746919E+01  0.4073784E+03
  0.3756872E+01  0.3967407E+03
  0.3766825E+01  0.3863601E+03
  0.3776777E+01  0.3762306E+03
  0.3786730E+01  0.3663463E+03
  0.3796682E+01  0.3567013E+03
  0.3806635E+01  0.3472761E+03
  0.3816588E+01  0.3380723E+03
  0.3826540E+01  0.3290917E+03
  0.3836493E+01  0.3203296E+03
  0.3846445E+01  0.3117812E+03
  0.3856398E+01  0.3034417E+03
  0.3866351E+01  0.2953064E+03
  0.3876303E+01  0.2873703E+03
  0.3886256E+01  0.2796288E+03
  0.3896209E+01  0.2720771E+03
  0.3906161E+01  0.2647004E+03
  0.3916114E+01  0.2574983E+03
  0.3926066E+01  0.2504732E+03
  0.3936019E+01  0.2436212E+03
  0.3945972E+01  0.2369386E+03
  0.3955924E+01  0.2304215E+03
  0.3965877E+01  0.2240660E+03
  0.3975829E+01  0.2178685E+03
  0.3985782E+01  0.2118249E+03
  0.3995735E+01  0.2059317E+03
  0.4005687E+01  0.2001773E+03
  0.4015640E+01  0.1945605E+03
  0.4025592E+01  0.1890836E+03
  0.4035545E+01  0.1837436E+03
  0.4045498E+01  0.1785376E+03
  0.4055450E+01  0.1734624E+03
  0.4065403E+01  0.1685149E+03
  0.4075355E+01  0.1636922E+03
  0.4085308E+01  0.1589913E+03
  0.4095261E+01  0.1544089E+03
  0.4105213E+01  0.1499368E+03
  0.4115166E+01  0.1455725E+03
  0.4125118E+01  0.1413187E+03
  0.4135071E+01  0.1371729E+03
  0.4145024E+01  0.1331327E+03
  0.4154976E+01  0.1291958E+03
  0.4164929E+01  0.1253596E+03
  0.4174882E+01  0.1216218E+03
  0.4184834E+01  0.1179798E+03
  0.4194787E+01  0.1144314E+03
  0.4204739E+01  0.1109701E+03
  0.4214692E+01  0.1075932E+03
  0.4224645E+01  0.1043034E+03
  0.4234597E+01  0.1010985E+03
  0.4244550E+01  0.9797679E+02
  0.4254502E+01  0.9493625E+02
  0.4264455E+01  0.9197497E+02
  0.4274408E+01  0.8909102E+02
  0.4284360E+01  0.8628249E+02
  0.4294313E+01  0.8354744E+02
  0.4304265E+01  0.8088106E+02
  0.4314218E+01  0.7828067E+02
  0.4324171E+01  0.7574855E+02
  0.4334123E+01  0.7328319E+02
  0.4344076E+01  0.7088305E+02
  0.4354028E+01  0.6854661E+02
  0.4363981E+01  0.6627235E+02
  0.4373934E+01  0.6405874E+02
  0.4383886E+01  0.6190426E+02
  0.4393839E+01  0.5980737E+02
  0.4403791E+01  0.5776452E+02
  0.4413744E+01  0.5577303E+02
  0.4423697E+01  0.5383500E+02
  0.4433649E+01  0.5194923E+02
  0.4443602E+01  0.5011450E+02
  0.4453555E+01  0.4832962E+02
  0.4463507E+01  0.4659337E+02
  0.4473460E+01  0.4490454E+02
  0.4483412E+01  0.4326194E+02
  0.4493365E+01  0.4166435E+02
  0.4503318E+01  0.4010914E+02
  0.4513270E+01  0.3859377E+02
  0.4523223E+01  0.3712014E+02
  0.4533175E+01  0.3568728E+02
  0.4543128E+01  0.3429425E+02
  0.4553081E+01  0.3294010E+02
  0.4563033E+01  0.3162386E+02
  0.4572986E+01  0.3034459E+02
  0.4582938E+01  0.2910134E+02
  0.4592891E+01  0.2789315E+02
  0.4602844E+01  0.2671810E+02
  0.4612796E+01  0.2557384E+02
  0.4622749E+01  0.2446205E+02
  0.4632701E+01  0.2338198E+02
  0.4642654E+01  0.2233286E+02
  0.4652607E+01  0.2131397E+02
  0.4662559E+01  0.2032454E+02
  0.4672512E+01  0.1936382E+02
  0.4682464E+01  0.1843107E+02
  0.4692417E+01  0.1752553E+02
  0.4702370E+01  0.1664581E+02
  0.4712322E+01  0.1578980E+02
  0.4722275E+01  0.1495895E+02
  0.4732227E+01  0.1415267E+02
  0.4742180E+01  0.1337038E+02
  0.4752133E+01  0.1261148E+02
  0.4762085E+01  0.1187539E+02
  0.4772038E+01  0.1116151E+02
  0.4781991E+01  0.1046927E+02
  0.4791943E+01  0.9798056E+01
  0.4801896E+01  0.9146886E+01
  0.4811848E+01  0.8513874E+01
  0.4821801E+01  0.7900284E+01
  0.4831754E+01  0.7305653E+01
  0.4841706E+01  0.6729520E+01
  0.4851659E+01  0.6171423E+01
  0.4861611E+01  0.5630900E+01
  0.4871564E+01  0.5107489E+01
  0.4881517E+01  0.4600728E+01
  0.4891469E+01  0.4110156E+01
  0.4901422E+01  0.3635068E+01
  0.4911374E+01  0.3173813E+01
  0.4921327E+01  0.2727477E+01
  0.4931280E+01  0.2295697E+01
  0.4941232E+01  0.1878115E+01
  0.4951185E+01  0.1474367E+01
  0.4961137E+01  0.1084094E+01
  0.4971090E+01  0.7069349E+00
  0.4981043E+01  0.3425282E+00
  0.4990995E+01 -0.9486807E-02
  0.5000948E+01 -0.3495989E+00
  0.5010900E+01 -0.6792393E+00
  0.5020853E+01 -0.9974833E+00
  0.5030806E+01 -0.1304612E+01
  0.5040758E+01 -0.1600906E+01
  0.5050711E+01 -0.1886647E+01
  0.5060664E+01 -0.2162116E+01
  0.5070616E+01 -0.2427594E+01
  0.5080569E+01 -0.2683362E+01
  0.5090521E+01 -0.2929701E+01
  0.5100474E+01 -0.3166942E+01
  0.5110427E+01 -0.3396305E+01
  0.5120379E+01 -0.3617018E+01
  0.5130332E+01 -0.3829298E+01
  0.5140284E+01 -0.4033363E+01
  0.5150237E+01 -0.4229433E+01
  0.5160190E+01 -0.4417726E+01
  0.5170142E+01 -0.4598461E+01
  0.5180095E+01 -0.4771856E+01
  0.5190047E+01 -0.4938129E+01
  0.5200000E+01 -0.5097500E+01
  0.5209953E+01 -0.5251014E+01
  0.5219905E+01 -0.5398013E+01
  0.5229858E+01 -0.5538666E+01
  0.5239810E+01 -0.5673141E+01
  0.5249763E+01 -0.5801607E+01
  0.5259716E+01 -0.5924233E+01
  0.5269668E+01 -0.6041189E+01
  0.5279621E+01 -0.6152642E+01
  0.5289573E+01 -0.6258763E+01
  0.5299526E+01 -0.6359719E+01
  0.5309479E+01 -0.6456290E+01
  0.5319431E+01 -0.6548028E+01
  0.5329384E+01 -0.6635034E+01
  0.5339336E+01 -0.6717438E+01
  0.5349289E+01 -0.6795370E+01
  0.5359242E+01 -0.6868960E+01
  0.5369194E+01 -0.6938340E+01
  0.5379147E+01 -0.7003638E+01
  0.5389100E+01 -0.7064987E+01
  0.5399052E+01 -0.7122516E+01
  0.5409005E+01 -0.7176815E+01
  0.5418957E+01 -0.7227577E+01
  0.5428910E+01 -0.7274852E+01
  0.5438863E+01 -0.7318741E+01
  0.5448815E+01 -0.7359343E+01
  0.5458768E+01 -0.7396759E+01
  0.5468720E+01 -0.7431088E+01
  0.5478673E+01 -0.7462430E+01
  0.5488626E+01 -0.7490886E+01
  0.5498578E+01 -0.7516555E+01
  0.5508531E+01 -0.7539876E+01
  0.5518483E+01 -0.7560646E+01
  0.5528436E+01 -0.7578886E+01
  0.5538389E+01 -0.7594672E+01
  0.5548341E+01 -0.7608079E+01
  0.5558294E+01 -0.7619184E+01
  0.5568246E+01 -0.7628064E+01
  0.5578199E+01 -0.7634795E+01
  0.5588152E+01 -0.7639452E+01
  0.5598104E+01 -0.7642113E+01
  0.5608057E+01 -0.7643103E+01
  0.5618009E+01 -0.7642294E+01
  0.5627962E+01 -0.7639683E+01
  0.5637915E+01 -0.7635329E+01
  0.5647867E+01 -0.7629289E+01
  0.5657820E+01 -0.7621622E+01
  0.5667773E+01 -0.7612386E+01
  0.5677725E+01 -0.7601637E+01
  0.5687678E+01 -0.7589435E+01
  0.5697630E+01 -0.7575837E+01
  0.5707583E+01 -0.7561082E+01
  0.5717536E+01 -0.7545092E+01
  0.5727488E+01 -0.7527855E+01
  0.5737441E+01 -0.7509414E+01
  0.5747393E+01 -0.7489814E+01
  0.5757346E+01 -0.7469096E+01
  0.5767299E+01 -0.7447306E+01
  0.5777251E+01 -0.7424487E+01
  0.5787204E+01 -0.7400683E+01
  0.5797156E+01 -0.7375937E+01
  0.5807109E+01 -0.7350425E+01
  0.5817062E+01 -0.7324104E+01
  0.5827014E+01 -0.7296953E+01
  0.5836967E+01 -0.7269005E+01
  0.5846919E+01 -0.7240293E+01
  0.5856872E+01 -0.7210849E+01
  0.5866825E+01 -0.7180706E+01
  0.5876777E+01 -0.7149897E+01
  0.5886730E+01 -0.7118454E+01
  0.5896682E+01 -0.7086409E+01
  0.5906635E+01 -0.7053892E+01
  0.5916588E+01 -0.7020882E+01
  0.5926540E+01 -0.6987353E+01
  0.5936493E+01 -0.6953331E+01
  0.5946445E+01 -0.6918840E+01
  0.5956398E+01 -0.6883903E+01
  0.5966351E+01 -0.6848545E+01
  0.5976303E+01 -0.6812790E+01
  0.5986256E+01 -0.6776661E+01
  0.5996209E+01 -0.6740183E+01
  0.6006161E+01 -0.6703447E+01
  0.6016114E+01 -0.6666446E+01
  0.6026066E+01 -0.6629158E+01
  0.6036019E+01 -0.6591600E+01
  0.6045972E+01 -0.6553790E+01
  0.6055924E+01 -0.6515746E+01
  0.6065877E+01 -0.6477485E+01
  0.6075829E+01 -0.6439025E+01
  0.6085782E+01 -0.6400383E+01
  0.6095735E+01 -0.6361577E+01
  0.6105687E+01 -0.6322673E+01
  0.6115640E+01 -0.6283674E+01
  0.6125592E+01 -0.6244556E+01
  0.6135545E+01 -0.6205332E+01
  0.6145498E+01 -0.6166014E+01
  0.6155450E+01 -0.6126615E+01
  0.6165403E+01 -0.6087148E+01
  0.6175355E+01 -0.6047625E+01
  0.6185308E+01 -0.6008059E+01
  0.6195261E+01 -0.5968463E+01
  0.6205213E+01 -0.5928882E+01
  0.6215166E+01 -0.5889325E+01
  0.6225118E+01 -0.5849769E+01
  0.6235071E+01 -0.5810224E+01
  0.6245024E+01 -0.5770697E+01
  0.6254976E+01 -0.5731198E+01
  0.6264929E+01 -0.5691736E+01
  0.6274882E+01 -0.5652320E+01
  0.6284834E+01 -0.5612957E+01
  0.6294787E+01 -0.5573657E+01
  0.6304739E+01 -0.5534451E+01
  0.6314692E+01 -0.5495347E+01
  0.6324645E+01 -0.5456328E+01
  0.6334597E+01 -0.5417400E+01
  0.6344550E+01 -0.5378570E+01
  0.6354502E+01 -0.5339844E+01
  0.6364455E+01 -0.5301228E+01
  0.6374408E+01 -0.5262727E+01
  0.6384360E+01 -0.5224348E+01
  0.6394313E+01 -0.5186098E+01
  0.6404265E+01 -0.5147999E+01
  0.6414218E+01 -0.5110063E+01
  0.6424171E+01 -0.5072270E+01
  0.6434123E+01 -0.5034624E+01
  0.6444076E+01 -0.4997128E+01
  0.6454028E+01 -0.4959785E+01
  0.6463981E+01 -0.4922600E+01
  0.6473934E+01 -0.4885577E+01
  0.6483886E+01 -0.4848718E+01
  0.6493839E+01 -0.4812027E+01
  0.6503791E+01 -0.4775516E+01
  0.6513744E+01 -0.4739191E+01
  0.6523697E+01 -0.4703044E+01
  0.6533649E+01 -0.4667077E+01
  0.6543602E+01 -0.4631293E+01
  0.6553555E+01 -0.4595695E+01
  0.6563507E+01 -0.4560285E+01
  0.6573460E+01 -0.4525066E+01
  0.6583412E+01 -0.4490040E+01
  0.6593365E+01 -0.4455210E+01
  0.6603318E+01 -0.4420587E+01
  0.6613270E+01 -0.4386182E+01
  0.6623223E+01 -0.4351979E+01
  0.6633175E+01 -0.4317978E+01
  0.6643128E+01 -0.4284180E+01
  0.6653081E+01 -0.4250586E+01
  0.6663033E+01 -0.4217198E+01
  0.6672986E+01 -0.4184017E+01
  0.6682938E+01 -0.4151042E+01
  0.6692891E+01 -0.4118276E+01
  0.6702844E+01 -0.4085723E+01
  0.6712796E+01 -0.4053388E+01
  0.6722749E+01 -0.4021263E+01
  0.6732701E+01 -0.3989349E+01
  0.6742654E+01 -0.3957646E+01
  0.6752607E+01 -0.3926154E+01
  0.6762559E+01 -0.3894874E+01
  0.6772512E+01 -0.3863805E+01
  0.6782464E+01 -0.3832949E+01
  0.6792417E+01 -0.3802305E+01
  0.6802370E+01 -0.3771875E+01
  0.6812322E+01 -0.3741664E+01
  0.6822275E+01 -0.3711665E+01
  0.6832227E+01 -0.3681879E+01
  0.6842180E+01 -0.3652306E+01
  0.6852133E+01 -0.3622945E+01
  0.6862085E+01 -0.3593797E+01
  0.6872038E+01 -0.3564861E+01
  0.6881991E+01 -0.3536137E+01
  0.6891943E+01 -0.3507625E+01
  0.6901896E+01 -0.3479328E+01
  0.6911848E+01 -0.3451252E+01
  0.6921801E+01 -0.3423387E+01
  0.6931754E+01 -0.3395732E+01
  0.6941706E+01 -0.3368287E+01
  0.6951659E+01 -0.3341050E+01
  0.6961611E+01 -0.3314021E+01
  0.6971564E+01 -0.3287199E+01
  0.6981517E+01 -0.3260584E+01
  0.6991469E+01 -0.3234174E+01
  0.7001422E+01 -0.3207969E+01
  0.7011374E+01 -0.3181971E+01
  0.7021327E+01 -0.3156176E+01
  0.7031280E+01 -0.3130583E+01
  0.7041232E+01 -0.3105191E+01
  0.7051185E+01 -0.3079999E+01
  0.7061137E+01 -0.3055006E+01
  0.7071090E+01 -0.3030210E+01
  0.7081043E+01 -0.3005612E+01
  0.7090995E+01 -0.2981210E+01
  0.7100948E+01 -0.2957003E+01
  0.7110900E+01 -0.2932986E+01
  0.7120853E+01 -0.2909163E+01
  0.7130806E+01 -0.2885533E+01
  0.7140758E+01 -0.2862094E+01
  0.7150711E+01 -0.2838846E+01
  0.7160664E+01 -0.2815788E+01
  0.7170616E+01 -0.2792919E+01
  0.7180569E+01 -0.2770239E+01
  0.7190521E+01 -0.2747747E+01
  0.7200474E+01 -0.2725443E+01
  0.7210427E+01 -0.2703335E+01
  0.7220379E+01 -0.2681412E+01
  0.7230332E+01 -0.2659673E+01
  0.7240284E+01 -0.2638115E+01
  0.7250237E+01 -0.2616737E+01
  0.7260190E+01 -0.2595538E+01
  0.7270142E+01 -0.2574516E+01
  0.7280095E+01 -0.2553670E+01
  0.7290047E+01 -0.2532999E+01
  0.7300000E+01 -0.2512500E+01
  0.7309953E+01 -0.2492166E+01
  0.7319905E+01 -0.2472002E+01
  0.7329858E+01 -0.2452008E+01
  0.7339810E+01 -0.2432182E+01
  0.7349763E+01 -0.2412522E+01
  0.7359716E+01 -0.2393029E+01
  0.7369668E+01 -0.2373700E+01
  0.7379621E+01 -0.2354536E+01
  0.7389573E+01 -0.2335534E+01
  0.7399526E+01 -0.2316693E+01
  0.7409479E+01 -0.2298013E+01
  0.7419431E+01 -0.2279493E+01
  0.7429384E+01 -0.2261131E+01
  0.7439336E+01 -0.2242926E+01
  0.7449289E+01 -0.2224877E+01
  0.7459242E+01 -0.2206983E+01
  0.7469194E+01 -0.2189244E+01
  0.7479147E+01 -0.2171657E+01
  0.7489100E+01 -0.2154222E+01
  0.7499052E+01 -0.2136938E+01
  0.7509005E+01 -0.2119807E+01
  0.7518957E+01 -0.2102824E+01
  0.7528910E+01 -0.2085989E+01
  0.7538863E+01 -0.2069299E+01
  0.7548815E+01 -0.2052754E+01
  0.7558768E+01 -0.2036352E+01
  0.7568720E+01 -0.2020092E+01
  0.7578673E+01 -0.2003973E+01
  0.7588626E+01 -0.1987993E+01
  0.7598578E+01 -0.1972152E+01
  0.7608531E+01 -0.1956444E+01
  0.7618483E+01 -0.1940872E+01
  0.7628436E+01 -0.1925435E+01
  0.7638389E+01 -0.1910131E+01
  0.7648341E+01 -0.1894960E+01
  0.7658294E+01 -0.1879920E+01
  0.7668246E+01 -0.1865010E+01
  0.7678199E+01 -0.1850230E+01
  0.7688152E+01 -0.1835577E+01
  0.7698104E+01 -0.1821052E+01
  0.7708057E+01 -0.1806652E+01
  0.7718009E+01 -0.1792376E+01
  0.7727962E+01 -0.1778225E+01
  0.7737915E+01 -0.1764196E+01
  0.7747867E+01 -0.1750289E+01
  0.7757820E+01 -0.1736504E+01
  0.7767773E+01 -0.1722838E+01
  0.7777725E+01 -0.1709292E+01
  0.7787678E+01 -0.1695863E+01
  0.7797630E+01 -0.1682552E+01
  0.7807583E+01 -0.1669357E+01
  0.7817536E+01 -0.1656277E+01
  0.7827488E+01 -0.1643311E+01
  0.7837441E+01 -0.1630459E+01
  0.7847393E+01 -0.1617718E+01
  0.7857346E+01 -0.1605089E+01
  0.7867299E+01 -0.1592570E+01
  0.7877251E+01 -0.1580160E+01
  0.7887204E+01 -0.1567859E+01
  0.7897156E+01 -0.1555665E+01
  0.7907109E+01 -0.1543577E+01
  0.7917062E+01 -0.1531594E+01
  0.7927014E+01 -0.1519715E+01
  0.7936967E+01 -0.1507940E+01
  0.7946919E+01 -0.1496267E+01
  0.7956872E+01 -0.1484696E+01
  0.7966825E+01 -0.1473225E+01
  0.7976777E+01 -0.1461853E+01
  0.7986730E+01 -0.1450580E+01
  0.7996682E+01 -0.1439404E+01
  0.8006635E+01 -0.1428321E+01
  0.8016588E+01 -0.1417332E+01
  0.8026540E+01 -0.1406438E+01
  0.8036493E+01 -0.1395638E+01
  0.8046445E+01 -0.1384932E+01
  0.8056398E+01 -0.1374319E+01
  0.8066351E+01 -0.1363798E+01
  0.8076303E+01 -0.1353368E+01
  0.8086256E+01 -0.1343029E+01
  0.8096209E+01 -0.1332781E+01
  0.8106161E+01 -0.1322624E+01
  0.8116114E+01 -0.1312559E+01
  0.8126066E+01 -0.1302580E+01
  0.8136019E+01 -0.1292689E+01
  0.8145972E+01 -0.1282883E+01
  0.8155924E+01 -0.1273161E+01
  0.8165877E+01 -0.1263523E+01
  0.8175829E+01 -0.1253968E+01
  0.8185782E+01 -0.1244494E+01
  0.8195735E+01 -0.1235101E+01
  0.8205687E+01 -0.1225784E+01
  0.8215640E+01 -0.1216543E+01
  0.8225592E+01 -0.1207380E+01
  0.8235545E+01 -0.1198295E+01
  0.8245498E+01 -0.1189287E+01
  0.8255450E+01 -0.1180356E+01
  0.8265403E+01 -0.1171501E+01
  0.8275355E+01 -0.1162721E+01
  0.8285308E+01 -0.1154015E+01
  0.8295261E+01 -0.1145384E+01
  0.8305213E+01 -0.1136827E+01
  0.8315166E+01 -0.1128342E+01
  0.8325118E+01 -0.1119930E+01
  0.8335071E+01 -0.1111590E+01
  0.8345024E+01 -0.1103321E+01
  0.8354976E+01 -0.1095122E+01
  0.8364929E+01 -0.1086994E+01
  0.8374882E+01 -0.1078935E+01
  0.8384834E+01 -0.1070944E+01
  0.8394787E+01 -0.1063023E+01
  0.8404739E+01 -0.1055168E+01
  0.8414692E+01 -0.1047381E+01
  0.8424645E+01 -0.1039660E+01
  0.8434597E+01 -0.1032006E+01
  0.8444550E+01 -0.1024416E+01
  0.8454502E+01 -0.1016891E+01
  0.8464455E+01 -0.1009431E+01
  0.8474408E+01 -0.1002034E+01
  0.8484360E+01 -0.9946994E+00
  0.8494313E+01 -0.9874276E+00
  0.8504265E+01 -0.9802182E+00
  0.8514218E+01 -0.9730709E+00
  0.8524171E+01 -0.9659840E+00
  0.8534123E+01 -0.9589568E+00
  0.8544076E+01 -0.9519887E+00
  0.8554028E+01 -0.9450789E+00
  0.8563981E+01 -0.9382268E+00
  0.8573934E+01 -0.9314317E+00
  0.8583886E+01 -0.9246929E+00
  0.8593839E+01 -0.9180097E+00
  0.8603791E+01 -0.9113788E+00
  0.8613744E+01 -0.9047983E+00
  0.8623697E+01 -0.8982718E+00
  0.8633649E+01 -0.8917990E+00
  0.8643602E+01 -0.8853798E+00
  0.8653555E+01 -0.8790137E+00
  0.8663507E+01 -0.8727006E+00
  0.8673460E+01 -0.8664400E+00
  0.8683412E+01 -0.8602317E+00
  0.8693365E+01 -0.8540754E+00
  0.8703318E+01 -0.8479725E+00
  0.8713270E+01 -0.8419242E+00
  0.8723223E+01 -0.8359266E+00
  0.8733175E+01 -0.8299792E+00
  0.8743128E+01 -0.8240813E+00
  0.8753081E+01 -0.8182323E+00
  0.8763033E+01 -0.8124317E+00
  0.8772986E+01 -0.8066788E+00
  0.8782938E+01 -0.8009731E+00
  0.8792891E+01 -0.7953140E+00
  0.8802844E+01 -0.7897000E+00
  0.8812796E+01 -0.7841290E+00
  0.8822749E+01 -0.7786031E+00
  0.8832701E+01 -0.7731218E+00
  0.8842654E+01 -0.7676848E+00
  0.8852607E+01 -0.7622917E+00
  0.8862559E+01 -0.7569421E+00
  0.8872512E+01 -0.7516356E+00
  0.8882464E+01 -0.7463717E+00
  0.8892417E+01 -0.7411502E+00
  0.8902370E+01 -0.7359697E+00
  0.8912322E+01 -0.7308283E+00
  0.8922275E+01 -0.7257283E+00
  0.8932227E+01 -0.7206694E+00
  0.8942180E+01 -0.7156515E+00
  0.8952133E+01 -0.7106744E+00
  0.8962085E+01 -0.7057378E+00
  0.8972038E+01 -0.7008416E+00
  0.8981991E+01 -0.6959856E+00
  0.8991943E+01 -0.6911696E+00
  0.9001896E+01 -0.6863946E+00
  0.9011848E+01 -0.6816644E+00
  0.9021801E+01 -0.6769732E+00
  0.9031754E+01 -0.6723203E+00
  0.9041706E+01 -0.6677051E+00
  0.9051659E+01 -0.6631270E+00
  0.9061611E+01 -0.6585856E+00
  0.9071564E+01 -0.6540800E+00
  0.9081517E+01 -0.6496099E+00
  0.9091469E+01 -0.6451745E+00
  0.9101422E+01 -0.6407721E+00
  0.9111374E+01 -0.6363964E+00
  0.9121327E+01 -0.6320542E+00
  0.9131280E+01 -0.6277454E+00
  0.9141232E+01 -0.6234701E+00
  0.9151185E+01 -0.6192280E+00
  0.9161137E+01 -0.6150191E+00
  0.9171090E+01 -0.6108432E+00
  0.9181043E+01 -0.6067003E+00
  0.9190995E+01 -0.6025903E+00
  0.9200948E+01 -0.5985134E+00
  0.9210900E+01 -0.5944721E+00
  0.9220853E+01 -0.5904632E+00
  0.9230806E+01 -0.5864864E+00
  0.9240758E+01 -0.5825413E+00
  0.9250711E+01 -0.5786277E+00
  0.9260664E+01 -0.5747453E+00
  0.9270616E+01 -0.5708938E+00
  0.9280569E+01 -0.5670729E+00
  0.9290521E+01 -0.5632822E+00
  0.9300474E+01 -0.5595216E+00
  0.9310427E+01 -0.5557907E+00
  0.9320379E+01 -0.5520891E+00
  0.9330332E+01 -0.5484167E+00
  0.9340284E+01 -0.5447731E+00
  0.9350237E+01 -0.5411580E+00
  0.9360190E+01 -0.5375711E+00
  0.9370142E+01 -0.5340122E+00
  0.9380095E+01 -0.5304809E+00
  0.9390047E+01 -0.5269769E+00
  0.9400000E+01 -0.5235000E+00
  0.9409953E+01 -0.5200482E+00
  0.9419905E+01 -0.5166229E+00
  0.9429858E+01 -0.5132240E+00
  0.9439810E+01 -0.5098512E+00
  0.9449763E+01 -0.5065044E+00
  0.9459716E+01 -0.5031833E+00
  0.9469668E+01 -0.4998878E+00
  0.9479621E+01 -0.4966177E+00
  0.9489573E+01 -0.4933727E+00
  0.9499526E+01 -0.4901527E+00
  0.9509479E+01 -0.4869591E+00
  0.9519431E+01 -0.4837900E+00
  0.9529384E+01 -0.4806450E+00
  0.9539336E+01 -0.4775240E+00
  0.9549289E+01 -0.4744266E+00
  0.9559242E+01 -0.4713525E+00
  0.9569194E+01 -0.4683013E+00
  0.9579147E+01 -0.4652729E+00
  0.9589100E+01 -0.4622669E+00
  0.9599052E+01 -0.4592830E+00
  0.9609005E+01 -0.4563180E+00
  0.9618957E+01 -0.4533743E+00
  0.9628910E+01 -0.4504523E+00
  0.9638863E+01 -0.4475517E+00
  0.9648815E+01 -0.4446726E+00
  0.9658768E+01 -0.4418147E+00
  0.9668720E+01 -0.4389781E+00
  0.9678673E+01 -0.4361626E+00
  0.9688626E+01 -0.4333681E+00
  0.9698578E+01 -0.4305945E+00
  0.9708531E+01 -0.4278418E+00
  0.9718483E+01 -0.4251097E+00
  0.9728436E+01 -0.4223983E+00
  0.9738389E+01 -0.4197073E+00
  0.9748341E+01 -0.4170369E+00
  0.9758294E+01 -0.4143867E+00
  0.9768246E+01 -0.4117567E+00
  0.9778199E+01 -0.4091469E+00
  0.9788152E+01 -0.4065571E+00
  0.9798104E+01 -0.4039872E+00
  0.9808057E+01 -0.4014399E+00
  0.9818009E+01 -0.3989127E+00
  0.9827962E+01 -0.3964048E+00
  0.9837915E+01 -0.3939159E+00
  0.9847867E+01 -0.3914457E+00
  0.9857820E+01 -0.3889938E+00
  0.9867773E+01 -0.3865601E+00
  0.9877725E+01 -0.3841441E+00
  0.9887678E+01 -0.3817457E+00
  0.9897630E+01 -0.3793645E+00
  0.9907583E+01 -0.3769976E+00
  0.9917536E+01 -0.3746467E+00
  0.9927488E+01 -0.3723125E+00
  0.9937441E+01 -0.3699949E+00
  0.9947393E+01 -0.3676937E+00
  0.9957346E+01 -0.3654089E+00
  0.9967299E+01 -0.3631404E+00
  0.9977251E+01 -0.3608880E+00
  0.9987204E+01 -0.3586518E+00
  0.9997156E+01 -0.3564315E+00
  0.1000711E+02 -0.3542270E+00
  0.1001706E+02 -0.3520384E+00
  0.1002701E+02 -0.3498654E+00
  0.1003697E+02 -0.3477080E+00
  0.1004692E+02 -0.3455661E+00
  0.1005687E+02 -0.3434396E+00
  0.1006682E+02 -0.3413283E+00
  0.1007678E+02 -0.3392323E+00
  0.1008673E+02 -0.3371513E+00
  0.1009668E+02 -0.3350853E+00
  0.1010664E+02 -0.3330343E+00
  0.1011659E+02 -0.3309980E+00
  0.1012654E+02 -0.3289764E+00
  0.1013649E+02 -0.3269694E+00
  0.1014645E+02 -0.3249769E+00
  0.1015640E+02 -0.3229988E+00
  0.1016635E+02 -0.3210349E+00
  0.1017630E+02 -0.3190853E+00
  0.1018626E+02 -0.3171498E+00
  0.1019621E+02 -0.3152283E+00
  0.1020616E+02 -0.3133207E+00
  0.1021611E+02 -0.3114270E+00
  0.1022607E+02 -0.3095469E+00
  0.1023602E+02 -0.3076804E+00
  0.1024597E+02 -0.3058274E+00
  0.1025592E+02 -0.3039879E+00
  0.1026588E+02 -0.3021617E+00
  0.1027583E+02 -0.3003486E+00
  0.1028578E+02 -0.2985487E+00
  0.1029573E+02 -0.2967618E+00
  0.1030569E+02 -0.2949888E+00
  0.1031564E+02 -0.2932293E+00
  0.1032559E+02 -0.2914823E+00
  0.1033555E+02 -0.2897477E+00
  0.1034550E+02 -0.2880253E+00
  0.1035545E+02 -0.2863148E+00
  0.1036540E+02 -0.2846161E+00
  0.1037536E+02 -0.2829290E+00
  0.1038531E+02 -0.2812533E+00
  0.1039526E+02 -0.2795888E+00
  0.1040521E+02 -0.2779335E+00
  0.1041517E+02 -0.2762875E+00
  0.1042512E+02 -0.2746525E+00
  0.1043507E+02 -0.2730283E+00
  0.1044502E+02 -0.2714150E+00
  0.1045498E+02 -0.2698127E+00
  0.1046493E+02 -0.2682212E+00
  0.1047488E+02 -0.2666406E+00
  0.1048483E+02 -0.2650709E+00
  0.1049479E+02 -0.2635122E+00
  0.1050474E+02 -0.2619651E+00
  0.1051469E+02 -0.2604297E+00
  0.1052464E+02 -0.2589050E+00
  0.1053460E+02 -0.2573911E+00
  0.1054455E+02 -0.2558876E+00
  0.1055450E+02 -0.2543946E+00
  0.1056445E+02 -0.2529120E+00
  0.1057441E+02 -0.2514397E+00
  0.1058436E+02 -0.2499775E+00
  0.1059431E+02 -0.2485253E+00
  0.1060427E+02 -0.2470831E+00
  0.1061422E+02 -0.2456508E+00
  0.1062417E+02 -0.2442283E+00
  0.1063412E+02 -0.2428154E+00
  0.1064408E+02 -0.2414121E+00
  0.1065403E+02 -0.2400182E+00
  0.1066398E+02 -0.2386337E+00
  0.1067393E+02 -0.2372585E+00
  0.1068389E+02 -0.2358925E+00
  0.1069384E+02 -0.2345355E+00
  0.1070379E+02 -0.2331875E+00
  0.1071374E+02 -0.2318484E+00
  0.1072370E+02 -0.2305181E+00
  0.1073365E+02 -0.2291964E+00
  0.1074360E+02 -0.2278834E+00
  0.1075355E+02 -0.2265788E+00
  0.1076351E+02 -0.2252826E+00
  0.1077346E+02 -0.2239947E+00
  0.1078341E+02 -0.2227150E+00
  0.1079336E+02 -0.2214433E+00
  0.1080332E+02 -0.2201786E+00
  0.1081327E+02 -0.2189196E+00
  0.1082322E+02 -0.2176686E+00
  0.1083318E+02 -0.2164258E+00
  0.1084313E+02 -0.2151913E+00
  0.1085308E+02 -0.2139651E+00
  0.1086303E+02 -0.2127474E+00
  0.1087299E+02 -0.2115382E+00
  0.1088294E+02 -0.2103377E+00
  0.1089289E+02 -0.2091459E+00
  0.1090284E+02 -0.2079643E+00
  0.1091280E+02 -0.2067952E+00
  0.1092275E+02 -0.2056347E+00
  0.1093270E+02 -0.2044827E+00
  0.1094265E+02 -0.2033390E+00
  0.1095261E+02 -0.2022033E+00
  0.1096256E+02 -0.2010755E+00
  0.1097251E+02 -0.1999554E+00
  0.1098246E+02 -0.1988428E+00
  0.1099242E+02 -0.1977374E+00
  0.1100237E+02 -0.1966387E+00
  0.1101232E+02 -0.1955457E+00
  0.1102227E+02 -0.1944595E+00
  0.1103223E+02 -0.1933800E+00
  0.1104218E+02 -0.1923071E+00
  0.1105213E+02 -0.1912408E+00
  0.1106209E+02 -0.1901808E+00
  0.1107204E+02 -0.1891272E+00
  0.1108199E+02 -0.1880798E+00
  0.1109194E+02 -0.1870385E+00
  0.1110190E+02 -0.1860026E+00
  0.1111185E+02 -0.1849700E+00
  0.1112180E+02 -0.1839435E+00
  0.1113175E+02 -0.1829231E+00
  0.1114171E+02 -0.1819090E+00
  0.1115166E+02 -0.1809012E+00
  0.1116161E+02 -0.1798999E+00
  0.1117156E+02 -0.1789052E+00
  0.1118152E+02 -0.1779171E+00
  0.1119147E+02 -0.1769357E+00
  0.1120142E+02 -0.1759617E+00
  0.1121137E+02 -0.1749974E+00
  0.1122133E+02 -0.1740399E+00
  0.1123128E+02 -0.1730892E+00
  0.1124123E+02 -0.1721451E+00
  0.1125118E+02 -0.1712075E+00
  0.1126114E+02 -0.1702763E+00
  0.1127109E+02 -0.1693515E+00
  0.1128104E+02 -0.1684329E+00
  0.1129100E+02 -0.1675204E+00
  0.1130095E+02 -0.1666139E+00
  0.1131090E+02 -0.1657134E+00
  0.1132085E+02 -0.1648187E+00
  0.1133081E+02 -0.1639298E+00
  0.1134076E+02 -0.1630465E+00
  0.1135071E+02 -0.1621687E+00
  0.1136066E+02 -0.1612964E+00
  0.1137062E+02 -0.1604294E+00
  0.1138057E+02 -0.1595677E+00
  0.1139052E+02 -0.1587111E+00
  0.1140047E+02 -0.1578595E+00
  0.1141043E+02 -0.1570112E+00
  0.1142038E+02 -0.1561680E+00
  0.1143033E+02 -0.1553296E+00
  0.1144028E+02 -0.1544963E+00
  0.1145024E+02 -0.1536678E+00
  0.1146019E+02 -0.1528444E+00
  0.1147014E+02 -0.1520258E+00
  0.1148009E+02 -0.1512123E+00
  0.1149005E+02 -0.1504037E+00
  0.1150000E+02 -0.1496000E+00
  0.1150995E+02 -0.1488013E+00
  0.1151991E+02 -0.1480075E+00
  0.1152986E+02 -0.1472187E+00
  0.1153981E+02 -0.1464349E+00
  0.1154976E+02 -0.1456560E+00
  0.1155972E+02 -0.1448820E+00
  0.1156967E+02 -0.1441130E+00
  0.1157962E+02 -0.1433490E+00
  0.1158957E+02 -0.1425899E+00
  0.1159953E+02 -0.1418358E+00
  0.1160948E+02 -0.1410882E+00
  0.1161943E+02 -0.1403455E+00
  0.1162938E+02 -0.1396076E+00
  0.1163934E+02 -0.1388743E+00
  0.1164929E+02 -0.1381456E+00
  0.1165924E+02 -0.1374214E+00
  0.1166919E+02 -0.1367015E+00
  0.1167915E+02 -0.1359859E+00
  0.1168910E+02 -0.1352745E+00
  0.1169905E+02 -0.1345672E+00
  0.1170900E+02 -0.1338608E+00
  0.1171896E+02 -0.1331582E+00
  0.1172891E+02 -0.1324597E+00
  0.1173886E+02 -0.1317655E+00
  0.1174882E+02 -0.1310756E+00
  0.1175877E+02 -0.1303901E+00
  0.1176872E+02 -0.1297093E+00
  0.1177867E+02 -0.1290330E+00
  0.1178863E+02 -0.1283615E+00
  0.1179858E+02 -0.1276948E+00
  0.1180853E+02 -0.1270373E+00
  0.1181848E+02 -0.1263853E+00
  0.1182844E+02 -0.1257379E+00
  0.1183839E+02 -0.1250949E+00
  0.1184834E+02 -0.1244561E+00
  0.1185829E+02 -0.1238212E+00
  0.1186825E+02 -0.1231902E+00
  0.1187820E+02 -0.1225628E+00
  0.1188815E+02 -0.1219387E+00
  0.1189810E+02 -0.1213179E+00
  0.1190806E+02 -0.1206974E+00
  0.1191801E+02 -0.1200793E+00
  0.1192796E+02 -0.1194641E+00
  0.1193791E+02 -0.1188519E+00
  0.1194787E+02 -0.1182427E+00
  0.1195782E+02 -0.1176364E+00
  0.1196777E+02 -0.1170331E+00
  0.1197773E+02 -0.1164328E+00
  0.1198768E+02 -0.1158355E+00
  0.1199763E+02 -0.1152411E+00
  0.1200758E+02 -0.1146484E+00
  0.1201754E+02 -0.1140584E+00
  0.1202749E+02 -0.1134716E+00
  0.1203744E+02 -0.1128879E+00
  0.1204739E+02 -0.1123077E+00
  0.1205735E+02 -0.1117308E+00
  0.1206730E+02 -0.1111575E+00
  0.1207725E+02 -0.1105879E+00
  0.1208720E+02 -0.1100220E+00
  0.1209716E+02 -0.1094599E+00
  0.1210711E+02 -0.1089029E+00
  0.1211706E+02 -0.1083504E+00
  0.1212701E+02 -0.1078018E+00
  0.1213697E+02 -0.1072572E+00
  0.1214692E+02 -0.1067165E+00
  0.1215687E+02 -0.1061799E+00
  0.1216682E+02 -0.1056471E+00
  0.1217678E+02 -0.1051184E+00
  0.1218673E+02 -0.1045936E+00
  0.1219668E+02 -0.1040727E+00
  0.1220664E+02 -0.1035581E+00
  0.1221659E+02 -0.1030483E+00
  0.1222654E+02 -0.1025422E+00
  0.1223649E+02 -0.1020395E+00
  0.1224645E+02 -0.1015401E+00
  0.1225640E+02 -0.1010437E+00
  0.1226635E+02 -0.1005502E+00
  0.1227630E+02 -0.1000593E+00
  0.1228626E+02 -0.9957085E-01
  0.1229621E+02 -0.9908466E-01
  0.1230616E+02 -0.9859848E-01
  0.1231611E+02 -0.9811302E-01
  0.1232607E+02 -0.9762954E-01
  0.1233602E+02 -0.9714804E-01
  0.1234597E+02 -0.9666853E-01
  0.1235592E+02 -0.9619099E-01
  0.1236588E+02 -0.9571544E-01
  0.1237583E+02 -0.9524186E-01
  0.1238578E+02 -0.9477027E-01
  0.1239573E+02 -0.9430066E-01
  0.1240569E+02 -0.9383114E-01
  0.1241564E+02 -0.9336229E-01
  0.1242559E+02 -0.9289573E-01
  0.1243555E+02 -0.9243167E-01
  0.1244550E+02 -0.9197029E-01
  0.1245545E+02 -0.9151179E-01
  0.1246540E+02 -0.9105637E-01
  0.1247536E+02 -0.9060422E-01
  0.1248531E+02 -0.9015555E-01
  0.1249526E+02 -0.8971056E-01
  0.1250521E+02 -0.8927376E-01
  0.1251517E+02 -0.8884471E-01
  0.1252512E+02 -0.8841917E-01
  0.1253507E+02 -0.8799685E-01
  0.1254502E+02 -0.8757745E-01
  0.1255498E+02 -0.8716067E-01
  0.1256493E+02 -0.8674622E-01
  0.1257488E+02 -0.8633380E-01
  0.1258483E+02 -0.8592313E-01
  0.1259479E+02 -0.8551389E-01
  0.1260474E+02 -0.8510185E-01
  0.1261469E+02 -0.8468657E-01
  0.1262464E+02 -0.8427257E-01
  0.1263460E+02 -0.8386005E-01
  0.1264455E+02 -0.8344921E-01
  0.1265450E+02 -0.8304023E-01
  0.1266445E+02 -0.8263333E-01
  0.1267441E+02 -0.8222870E-01
  0.1268436E+02 -0.8182653E-01
  0.1269431E+02 -0.8142702E-01
  0.1270427E+02 -0.8103250E-01
  0.1271422E+02 -0.8064374E-01
  0.1272417E+02 -0.8025782E-01
  0.1273412E+02 -0.7987462E-01
  0.1274408E+02 -0.7949406E-01
  0.1275403E+02 -0.7911604E-01
  0.1276398E+02 -0.7874045E-01
  0.1277393E+02 -0.7836720E-01
  0.1278389E+02 -0.7799619E-01
  0.1279384E+02 -0.7762732E-01
  0.1280379E+02 -0.7725986E-01
  0.1281374E+02 -0.7689336E-01
  0.1282370E+02 -0.7652884E-01
  0.1283365E+02 -0.7616630E-01
  0.1284360E+02 -0.7580574E-01
  0.1285355E+02 -0.7544716E-01
  0.1286351E+02 -0.7509057E-01
  0.1287346E+02 -0.7473595E-01
  0.1288341E+02 -0.7438332E-01
  0.1289336E+02 -0.7403267E-01
  0.1290332E+02 -0.7368455E-01
  0.1291327E+02 -0.7333948E-01
  0.1292322E+02 -0.7299626E-01
  0.1293318E+02 -0.7265479E-01
  0.1294313E+02 -0.7231497E-01
  0.1295308E+02 -0.7197671E-01
  0.1296303E+02 -0.7163990E-01
  0.1297299E+02 -0.7130445E-01
  0.1298294E+02 -0.7097026E-01
  0.1299289E+02 -0.7063723E-01
  0.1300284E+02 -0.7030383E-01
  0.1301280E+02 -0.6996795E-01
  0.1302275E+02 -0.6963331E-01
  0.1303270E+02 -0.6930011E-01
  0.1304265E+02 -0.6896856E-01
  0.1305261E+02 -0.6863883E-01
  0.1306256E+02 -0.6831114E-01
  0.1307251E+02 -0.6798568E-01
  0.1308246E+02 -0.6766265E-01
  0.1309242E+02 -0.6734224E-01
  0.1310237E+02 -0.6702623E-01
  0.1311232E+02 -0.6671817E-01
  0.1312227E+02 -0.6641284E-01
  0.1313223E+02 -0.6611004E-01
  0.1314218E+02 -0.6580957E-01
  0.1315213E+02 -0.6551124E-01
  0.1316209E+02 -0.6521485E-01
  0.1317204E+02 -0.6492020E-01
  0.1318199E+02 -0.6462709E-01
  0.1319194E+02 -0.6433533E-01
  0.1320190E+02 -0.6404409E-01
  0.1321185E+02 -0.6375118E-01
  0.1322180E+02 -0.6345925E-01
  0.1323175E+02 -0.6316831E-01
  0.1324171E+02 -0.6287837E-01
  0.1325166E+02 -0.6258941E-01
  0.1326161E+02 -0.6230144E-01
  0.1327156E+02 -0.6201447E-01
  0.1328152E+02 -0.6172849E-01
  0.1329147E+02 -0.6144349E-01
  0.1330142E+02 -0.6115925E-01
  0.1331137E+02 -0.6087461E-01
  0.1332133E+02 -0.6059106E-01
  0.1333128E+02 -0.6030872E-01
  0.1334123E+02 -0.6002768E-01
  0.1335118E+02 -0.5974804E-01
  0.1336114E+02 -0.5946989E-01
  0.1337109E+02 -0.5919334E-01
  0.1338104E+02 -0.5891849E-01
  0.1339100E+02 -0.5864543E-01
  0.1340095E+02 -0.5837442E-01
  0.1341090E+02 -0.5810688E-01
  0.1342085E+02 -0.5784132E-01
  0.1343081E+02 -0.5757774E-01
  0.1344076E+02 -0.5731614E-01
  0.1345071E+02 -0.5705652E-01
  0.1346066E+02 -0.5679889E-01
  0.1347062E+02 -0.5654323E-01
  0.1348057E+02 -0.5628956E-01
  0.1349052E+02 -0.5603787E-01
  0.1350047E+02 -0.5578831E-01
  0.1351043E+02 -0.5554386E-01
  0.1352038E+02 -0.5530119E-01
  0.1353033E+02 -0.5506009E-01
  0.1354028E+02 -0.5482037E-01
  0.1355024E+02 -0.5458183E-01
  0.1356019E+02 -0.5434428E-01
  0.1357014E+02 -0.5410752E-01
  0.1358009E+02 -0.5387135E-01
  0.1359005E+02 -0.5363558E-01
  0.1360000E+02 -0.5340000E-01
  0.1360995E+02 -0.5315785E-01
  0.1361991E+02 -0.5291590E-01
  0.1362986E+02 -0.5267435E-01
  0.1363981E+02 -0.5243338E-01
  0.1364976E+02 -0.5219321E-01
  0.1365972E+02 -0.5195402E-01
  0.1366967E+02 -0.5171601E-01
  0.1367962E+02 -0.5147938E-01
  0.1368957E+02 -0.5124434E-01
  0.1369953E+02 -0.5101106E-01
  0.1370948E+02 -0.5078445E-01
  0.1371943E+02 -0.5055997E-01
  0.1372938E+02 -0.5033728E-01
  0.1373934E+02 -0.5011628E-01
  0.1374929E+02 -0.4989686E-01
  0.1375924E+02 -0.4967894E-01
  0.1376919E+02 -0.4946242E-01
  0.1377915E+02 -0.4924719E-01
  0.1378910E+02 -0.4903316E-01
  0.1379905E+02 -0.4882023E-01
  0.1380900E+02 -0.4860680E-01
  0.1381896E+02 -0.4839421E-01
  0.1382891E+02 -0.4818261E-01
  0.1383886E+02 -0.4797201E-01
  0.1384882E+02 -0.4776239E-01
  0.1385877E+02 -0.4755376E-01
  0.1386872E+02 -0.4734612E-01
  0.1387867E+02 -0.4713948E-01
  0.1388863E+02 -0.4693382E-01
  0.1389858E+02 -0.4672916E-01
  0.1390853E+02 -0.4652548E-01
  0.1391848E+02 -0.4632280E-01
  0.1392844E+02 -0.4612110E-01
  0.1393839E+02 -0.4592040E-01
  0.1394834E+02 -0.4572069E-01
  0.1395829E+02 -0.4552197E-01
  0.1396825E+02 -0.4532424E-01
  0.1397820E+02 -0.4512749E-01
  0.1398815E+02 -0.4493174E-01
  0.1399810E+02 -0.4473698E-01
  0.1400806E+02 -0.4454322E-01
  0.1401801E+02 -0.4435044E-01
  0.1402796E+02 -0.4415865E-01
  0.1403791E+02 -0.4396785E-01
  0.1404787E+02 -0.4377804E-01
  0.1405782E+02 -0.4358923E-01
  0.1406777E+02 -0.4340140E-01
  0.1407773E+02 -0.4321457E-01
  0.1408768E+02 -0.4302872E-01
  0.1409763E+02 -0.4284387E-01
  0.1410758E+02 -0.4266000E-01
  0.1411754E+02 -0.4247713E-01
  0.1412749E+02 -0.4229525E-01
  0.1413744E+02 -0.4211436E-01
  0.1414739E+02 -0.4193445E-01
  0.1415735E+02 -0.4175554E-01
  0.1416730E+02 -0.4157762E-01
  0.1417725E+02 -0.4140069E-01
  0.1418720E+02 -0.4122475E-01
  0.1419716E+02 -0.4104980E-01
  0.1420711E+02 -0.4087702E-01
  0.1421706E+02 -0.4070564E-01
  0.1422701E+02 -0.4053507E-01
  0.1423697E+02 -0.4036523E-01
  0.1424692E+02 -0.4019602E-01
  0.1425687E+02 -0.4002732E-01
  0.1426682E+02 -0.3985906E-01
  0.1427678E+02 -0.3969113E-01
  0.1428673E+02 -0.3952342E-01
  0.1429668E+02 -0.3935585E-01
  0.1430664E+02 -0.3918500E-01
  0.1431659E+02 -0.3901263E-01
  0.1432654E+02 -0.3884059E-01
  0.1433649E+02 -0.3866908E-01
  0.1434645E+02 -0.3849828E-01
  0.1435640E+02 -0.3832841E-01
  0.1436635E+02 -0.3815966E-01
  0.1437630E+02 -0.3799222E-01
  0.1438626E+02 -0.3782629E-01
  0.1439621E+02 -0.3766207E-01
  0.1440616E+02 -0.3750385E-01
  0.1441611E+02 -0.3735001E-01
  0.1442607E+02 -0.3719783E-01
  0.1443602E+02 -0.3704712E-01
  0.1444597E+02 -0.3689767E-01
  0.1445592E+02 -0.3674930E-01
  0.1446588E+02 -0.3660180E-01
  0.1447583E+02 -0.3645497E-01
  0.1448578E+02 -0.3630863E-01
  0.1449573E+02 -0.3616256E-01
  0.1450569E+02 -0.3601375E-01
  0.1451564E+02 -0.3586286E-01
  0.1452559E+02 -0.3571213E-01
  0.1453555E+02 -0.3556165E-01
  0.1454550E+02 -0.3541152E-01
  0.1455545E+02 -0.3526185E-01
  0.1456540E+02 -0.3511272E-01
  0.1457536E+02 -0.3496424E-01
  0.1458531E+02 -0.3481651E-01
  0.1459526E+02 -0.3466962E-01
  0.1460521E+02 -0.3452541E-01
  0.1461517E+02 -0.3438371E-01
  0.1462512E+02 -0.3424286E-01
  0.1463507E+02 -0.3410275E-01
  0.1464502E+02 -0.3396327E-01
  0.1465498E+02 -0.3382435E-01
  0.1466493E+02 -0.3368587E-01
  0.1467488E+02 -0.3354774E-01
  0.1468483E+02 -0.3340985E-01
  0.1469479E+02 -0.3327212E-01
  0.1470474E+02 -0.3313207E-01
  0.1471469E+02 -0.3298952E-01
  0.1472464E+02 -0.3284726E-01
  0.1473460E+02 -0.3270549E-01
  0.1474455E+02 -0.3256440E-01
  0.1475450E+02 -0.3242420E-01
  0.1476445E+02 -0.3228507E-01
  0.1477441E+02 -0.3214722E-01
  0.1478436E+02 -0.3201085E-01
  0.1479431E+02 -0.3187615E-01
  0.1480427E+02 -0.3174686E-01
  0.1481422E+02 -0.3162415E-01
  0.1482417E+02 -0.3150300E-01
  0.1483412E+02 -0.3138312E-01
  0.1484408E+02 -0.3126420E-01
  0.1485403E+02 -0.3114595E-01
  0.1486398E+02 -0.3102808E-01
  0.1487393E+02 -0.3091028E-01
  0.1488389E+02 -0.3079228E-01
  0.1489384E+02 -0.3067376E-01
  0.1490379E+02 -0.3055064E-01
  0.1491374E+02 -0.3042051E-01
  0.1492370E+02 -0.3028980E-01
  0.1493365E+02 -0.3015880E-01
  0.1494360E+02 -0.3002781E-01
  0.1495355E+02 -0.2989713E-01
  0.1496351E+02 -0.2976705E-01
  0.1497346E+02 -0.2963786E-01
  0.1498341E+02 -0.2950987E-01
  0.1499336E+02 -0.2938336E-01
  0.1500332E+02 -0.2926140E-01
  0.1501327E+02 -0.2914686E-01
  0.1502322E+02 -0.2903404E-01
  0.1503318E+02 -0.2892274E-01
  0.1504313E+02 -0.2881277E-01
  0.1505308E+02 -0.2870392E-01
  0.1506303E+02 -0.2859600E-01
  0.1507299E+02 -0.2848881E-01
  0.1508294E+02 -0.2838216E-01
  0.1509289E+02 -0.2827584E-01
  0.1510284E+02 -0.2816872E-01
  0.1511280E+02 -0.2805924E-01
  0.1512275E+02 -0.2794976E-01
  0.1513270E+02 -0.2784028E-01
  0.1514265E+02 -0.2773081E-01
  0.1515261E+02 -0.2762133E-01
  0.1516256E+02 -0.2751185E-01
  0.1517251E+02 -0.2740237E-01
  0.1518246E+02 -0.2729289E-01
  0.1519242E+02 -0.2718341E-01
  0.1520237E+02 -0.2707354E-01
  0.1521232E+02 -0.2696243E-01
  0.1522227E+02 -0.2685145E-01
  0.1523223E+02 -0.2674068E-01
  0.1524218E+02 -0.2663024E-01
  0.1525213E+02 -0.2652021E-01
  0.1526209E+02 -0.2641070E-01
  0.1527204E+02 -0.2630181E-01
  0.1528199E+02 -0.2619363E-01
  0.1529194E+02 -0.2608626E-01
  0.1530190E+02 -0.2598043E-01
  0.1531185E+02 -0.2587824E-01
  0.1532180E+02 -0.2577693E-01
  0.1533175E+02 -0.2567639E-01
  0.1534171E+02 -0.2557652E-01
  0.1535166E+02 -0.2547724E-01
  0.1536161E+02 -0.2537843E-01
  0.1537156E+02 -0.2528000E-01
  0.1538152E+02 -0.2518186E-01
  0.1539147E+02 -0.2508390E-01
  0.1540142E+02 -0.2498555E-01
  0.1541137E+02 -0.2488438E-01
  0.1542133E+02 -0.2478334E-01
  0.1543128E+02 -0.2468250E-01
  0.1544123E+02 -0.2458197E-01
  0.1545118E+02 -0.2448186E-01
  0.1546114E+02 -0.2438224E-01
  0.1547109E+02 -0.2428324E-01
  0.1548104E+02 -0.2418494E-01
  0.1549100E+02 -0.2408744E-01
  0.1550095E+02 -0.2399116E-01
  0.1551090E+02 -0.2389883E-01
  0.1552085E+02 -0.2380739E-01
  0.1553081E+02 -0.2371674E-01
  0.1554076E+02 -0.2362677E-01
  0.1555071E+02 -0.2353738E-01
  0.1556066E+02 -0.2344849E-01
  0.1557062E+02 -0.2335998E-01
  0.1558057E+02 -0.2327177E-01
  0.1559052E+02 -0.2318374E-01
  0.1560047E+02 -0.2309566E-01
  0.1561043E+02 -0.2300444E-01
  0.1562038E+02 -0.2291333E-01
  0.1563033E+02 -0.2282242E-01
  0.1564028E+02 -0.2273182E-01
  0.1565024E+02 -0.2264161E-01
  0.1566019E+02 -0.2255190E-01
  0.1567014E+02 -0.2246278E-01
  0.1568009E+02 -0.2237436E-01
  0.1569005E+02 -0.2228673E-01
  0.1570000E+02 -0.2220000E-01
  0.1570995E+02 -0.2211754E-01
  0.1571991E+02 -0.2203597E-01
  0.1572986E+02 -0.2195520E-01
  0.1573981E+02 -0.2187512E-01
  0.1574976E+02 -0.2179564E-01
  0.1575972E+02 -0.2171665E-01
  0.1576967E+02 -0.2163806E-01
  0.1577962E+02 -0.2155978E-01
  0.1578957E+02 -0.2148169E-01
  0.1579953E+02 -0.2140371E-01
  0.1580948E+02 -0.2132417E-01
  0.1581943E+02 -0.2124455E-01
  0.1582938E+02 -0.2116493E-01
  0.1583934E+02 -0.2108531E-01
  0.1584929E+02 -0.2100569E-01
  0.1585924E+02 -0.2092607E-01
  0.1586919E+02 -0.2084645E-01
  0.1587915E+02 -0.2076682E-01
  0.1588910E+02 -0.2068720E-01
  0.1589905E+02 -0.2060758E-01
  0.1590900E+02 -0.2052647E-01
  0.1591896E+02 -0.2044530E-01
  0.1592891E+02 -0.2036430E-01
  0.1593886E+02 -0.2028360E-01
  0.1594882E+02 -0.2020328E-01
  0.1595877E+02 -0.2012345E-01
  0.1596872E+02 -0.2004419E-01
  0.1597867E+02 -0.1996562E-01
  0.1598863E+02 -0.1988783E-01
  0.1599858E+02 -0.1981091E-01
  0.1600853E+02 -0.1973779E-01
  0.1601848E+02 -0.1966606E-01
  0.1602844E+02 -0.1959513E-01
  0.1603839E+02 -0.1952491E-01
  0.1604834E+02 -0.1945530E-01
  0.1605829E+02 -0.1938620E-01
  0.1606825E+02 -0.1931752E-01
  0.1607820E+02 -0.1924915E-01
  0.1608815E+02 -0.1918099E-01
  0.1609810E+02 -0.1911295E-01
  0.1610806E+02 -0.1904360E-01
  0.1611801E+02 -0.1897393E-01
  0.1612796E+02 -0.1890427E-01
  0.1613791E+02 -0.1883460E-01
  0.1614787E+02 -0.1876493E-01
  0.1615782E+02 -0.1869526E-01
  0.1616777E+02 -0.1862559E-01
  0.1617773E+02 -0.1855592E-01
  0.1618768E+02 -0.1848626E-01
  0.1619763E+02 -0.1841659E-01
  0.1620758E+02 -0.1834692E-01
  0.1621754E+02 -0.1827725E-01
  0.1622749E+02 -0.1820758E-01
  0.1623744E+02 -0.1813791E-01
  0.1624739E+02 -0.1806825E-01
  0.1625735E+02 -0.1799858E-01
  0.1626730E+02 -0.1792891E-01
  0.1627725E+02 -0.1785924E-01
  0.1628720E+02 -0.1778957E-01
  0.1629716E+02 -0.1771991E-01
  0.1630711E+02 -0.1764906E-01
  0.1631706E+02 -0.1757781E-01
  0.1632701E+02 -0.1750673E-01
  0.1633697E+02 -0.1743591E-01
  0.1634692E+02 -0.1736547E-01
  0.1635687E+02 -0.1729548E-01
  0.1636682E+02 -0.1722606E-01
  0.1637678E+02 -0.1715731E-01
  0.1638673E+02 -0.1708931E-01
  0.1639668E+02 -0.1702217E-01
  0.1640664E+02 -0.1695819E-01
  0.1641659E+02 -0.1689624E-01
  0.1642654E+02 -0.1683512E-01
  0.1643649E+02 -0.1677473E-01
  0.1644645E+02 -0.1671496E-01
  0.1645640E+02 -0.1665573E-01
  0.1646635E+02 -0.1659692E-01
  0.1647630E+02 -0.1653845E-01
  0.1648626E+02 -0.1648022E-01
  0.1649621E+02 -0.1642212E-01
  0.1650616E+02 -0.1636201E-01
  0.1651611E+02 -0.1630070E-01
  0.1652607E+02 -0.1623955E-01
  0.1653602E+02 -0.1617866E-01
  0.1654597E+02 -0.1611813E-01
  0.1655592E+02 -0.1605805E-01
  0.1656588E+02 -0.1599852E-01
  0.1657583E+02 -0.1593965E-01
  0.1658578E+02 -0.1588153E-01
  0.1659573E+02 -0.1582426E-01
  0.1660569E+02 -0.1577077E-01
  0.1661564E+02 -0.1572029E-01
  0.1662559E+02 -0.1567049E-01
  0.1663555E+02 -0.1562117E-01
  0.1664550E+02 -0.1557214E-01
  0.1665545E+02 -0.1552320E-01
  0.1666540E+02 -0.1547415E-01
  0.1667536E+02 -0.1542479E-01
  0.1668531E+02 -0.1537493E-01
  0.1669526E+02 -0.1532438E-01
  0.1670521E+02 -0.1526946E-01
  0.1671517E+02 -0.1521050E-01
  0.1672512E+02 -0.1515085E-01
  0.1673507E+02 -0.1509071E-01
  0.1674502E+02 -0.1503027E-01
  0.1675498E+02 -0.1496973E-01
  0.1676493E+02 -0.1490929E-01
  0.1677488E+02 -0.1484915E-01
  0.1678483E+02 -0.1478950E-01
  0.1679479E+02 -0.1473054E-01
  0.1680474E+02 -0.1467483E-01
  0.1681469E+02 -0.1462267E-01
  0.1682464E+02 -0.1457135E-01
  0.1683460E+02 -0.1452078E-01
  0.1684455E+02 -0.1447085E-01
  0.1685450E+02 -0.1442147E-01
  0.1686445E+02 -0.1437255E-01
  0.1687441E+02 -0.1432398E-01
  0.1688436E+02 -0.1427566E-01
  0.1689431E+02 -0.1422749E-01
  0.1690427E+02 -0.1417867E-01
  0.1691422E+02 -0.1412891E-01
  0.1692417E+02 -0.1407915E-01
  0.1693412E+02 -0.1402938E-01
  0.1694408E+02 -0.1397962E-01
  0.1695403E+02 -0.1392986E-01
  0.1696398E+02 -0.1388009E-01
  0.1697393E+02 -0.1383033E-01
  0.1698389E+02 -0.1378057E-01
  0.1699384E+02 -0.1373081E-01
  0.1700379E+02 -0.1368041E-01
  0.1701374E+02 -0.1362903E-01
  0.1702370E+02 -0.1357779E-01
  0.1703365E+02 -0.1352678E-01
  0.1704360E+02 -0.1347611E-01
  0.1705355E+02 -0.1342586E-01
  0.1706351E+02 -0.1337615E-01
  0.1707346E+02 -0.1332707E-01
  0.1708341E+02 -0.1327871E-01
  0.1709336E+02 -0.1323118E-01
  0.1710332E+02 -0.1318623E-01
  0.1711327E+02 -0.1314551E-01
  0.1712322E+02 -0.1310552E-01
  0.1713318E+02 -0.1306606E-01
  0.1714313E+02 -0.1302693E-01
  0.1715308E+02 -0.1298793E-01
  0.1716303E+02 -0.1294888E-01
  0.1717299E+02 -0.1290957E-01
  0.1718294E+02 -0.1286980E-01
  0.1719289E+02 -0.1282938E-01
  0.1720284E+02 -0.1278622E-01
  0.1721280E+02 -0.1273740E-01
  0.1722275E+02 -0.1268785E-01
  0.1723270E+02 -0.1263776E-01
  0.1724265E+02 -0.1258733E-01
  0.1725261E+02 -0.1253675E-01
  0.1726256E+02 -0.1248622E-01
  0.1727251E+02 -0.1243595E-01
  0.1728246E+02 -0.1238611E-01
  0.1729242E+02 -0.1233692E-01
  0.1730237E+02 -0.1228976E-01
  0.1731232E+02 -0.1224733E-01
  0.1732227E+02 -0.1220577E-01
  0.1733223E+02 -0.1216498E-01
  0.1734218E+02 -0.1212486E-01
  0.1735213E+02 -0.1208532E-01
  0.1736209E+02 -0.1204625E-01
  0.1737204E+02 -0.1200755E-01
  0.1738199E+02 -0.1196913E-01
  0.1739194E+02 -0.1193089E-01
  0.1740190E+02 -0.1189242E-01
  0.1741185E+02 -0.1185261E-01
  0.1742180E+02 -0.1181280E-01
  0.1743175E+02 -0.1177299E-01
  0.1744171E+02 -0.1173318E-01
  0.1745166E+02 -0.1169336E-01
  0.1746161E+02 -0.1165355E-01
  0.1747156E+02 -0.1161374E-01
  0.1748152E+02 -0.1157393E-01
  0.1749147E+02 -0.1153412E-01
  0.1750142E+02 -0.1149431E-01
  0.1751137E+02 -0.1145450E-01
  0.1752133E+02 -0.1141469E-01
  0.1753128E+02 -0.1137488E-01
  0.1754123E+02 -0.1133507E-01
  0.1755118E+02 -0.1129526E-01
  0.1756114E+02 -0.1125545E-01
  0.1757109E+02 -0.1121564E-01
  0.1758104E+02 -0.1117583E-01
  0.1759100E+02 -0.1113602E-01
  0.1760095E+02 -0.1109605E-01
  0.1761090E+02 -0.1105460E-01
  0.1762085E+02 -0.1101326E-01
  0.1763081E+02 -0.1097213E-01
  0.1764076E+02 -0.1093130E-01
  0.1765071E+02 -0.1089088E-01
  0.1766066E+02 -0.1085096E-01
  0.1767062E+02 -0.1081164E-01
  0.1768057E+02 -0.1077301E-01
  0.1769052E+02 -0.1073519E-01
  0.1770047E+02 -0.1069850E-01
  0.1771043E+02 -0.1066749E-01
  0.1772038E+02 -0.1063726E-01
  0.1773033E+02 -0.1060762E-01
  0.1774028E+02 -0.1057837E-01
  0.1775024E+02 -0.1054931E-01
  0.1776019E+02 -0.1052025E-01
  0.1777014E+02 -0.1049098E-01
  0.1778009E+02 -0.1046131E-01
  0.1779005E+02 -0.1043105E-01
  0.1780000E+02 -0.1040000E-01
  0.1780995E+02 -0.1036139E-01
  0.1781991E+02 -0.1032198E-01
  0.1782986E+02 -0.1028197E-01
  0.1783981E+02 -0.1024157E-01
  0.1784976E+02 -0.1020097E-01
  0.1785972E+02 -0.1016036E-01
  0.1786967E+02 -0.1011994E-01
  0.1787962E+02 -0.1007991E-01
  0.1788957E+02 -0.1004047E-01
  0.1789953E+02 -0.1000182E-01
  0.1790948E+02 -0.9968839E-02
  0.1791943E+02 -0.9936995E-02
  0.1792938E+02 -0.9905948E-02
  0.1793934E+02 -0.9875601E-02
  0.1794929E+02 -0.9845854E-02
  0.1795924E+02 -0.9816610E-02
  0.1796919E+02 -0.9787770E-02
  0.1797915E+02 -0.9759235E-02
  0.1798910E+02 -0.9730906E-02
  0.1799905E+02 -0.9702686E-02
  0.1800900E+02 -0.9674474E-02
  0.1801896E+02 -0.9646174E-02
  0.1802891E+02 -0.9617686E-02
  0.1803886E+02 -0.9588911E-02
  0.1804882E+02 -0.9559752E-02
  0.1805877E+02 -0.9530109E-02
  0.1806872E+02 -0.9499883E-02
  0.1807867E+02 -0.9468978E-02
  0.1808863E+02 -0.9437292E-02
  0.1809858E+02 -0.9404729E-02
  0.1810853E+02 -0.9365544E-02
  0.1811848E+02 -0.9324674E-02
  0.1812844E+02 -0.9283363E-02
  0.1813839E+02 -0.9241906E-02
  0.1814834E+02 -0.9200599E-02
  0.1815829E+02 -0.9159738E-02
  0.1816825E+02 -0.9119619E-02
  0.1817820E+02 -0.9080538E-02
  0.1818815E+02 -0.9042790E-02
  0.1819810E+02 -0.9006671E-02
  0.1820806E+02 -0.8980481E-02
  0.1821801E+02 -0.8957928E-02
  0.1822796E+02 -0.8936820E-02
  0.1823791E+02 -0.8916863E-02
  0.1824787E+02 -0.8897761E-02
  0.1825782E+02 -0.8879217E-02
  0.1826777E+02 -0.8860936E-02
  0.1827773E+02 -0.8842622E-02
  0.1828768E+02 -0.8823979E-02
  0.1829763E+02 -0.8804712E-02
  0.1830758E+02 -0.8779499E-02
  0.1831754E+02 -0.8751791E-02
  0.1832749E+02 -0.8723266E-02
  0.1833744E+02 -0.8694024E-02
  0.1834739E+02 -0.8664161E-02
  0.1835735E+02 -0.8633778E-02
  0.1836730E+02 -0.8602972E-02
  0.1837725E+02 -0.8571842E-02
  0.1838720E+02 -0.8540486E-02
  0.1839716E+02 -0.8509004E-02
  0.1840711E+02 -0.8478673E-02
  0.1841706E+02 -0.8448815E-02
  0.1842701E+02 -0.8418957E-02
  0.1843697E+02 -0.8389100E-02
  0.1844692E+02 -0.8359242E-02
  0.1845687E+02 -0.8329384E-02
  0.1846682E+02 -0.8299526E-02
  0.1847678E+02 -0.8269668E-02
  0.1848673E+02 -0.8239810E-02
  0.1849668E+02 -0.8209953E-02
  0.1850664E+02 -0.8178994E-02
  0.1851659E+02 -0.8147548E-02
  0.1852654E+02 -0.8116267E-02
  0.1853649E+02 -0.8085249E-02
  0.1854645E+02 -0.8054592E-02
  0.1855640E+02 -0.8024396E-02
  0.1856635E+02 -0.7994758E-02
  0.1857630E+02 -0.7965777E-02
  0.1858626E+02 -0.7937552E-02
  0.1859621E+02 -0.7910182E-02
  0.1860616E+02 -0.7886833E-02
  0.1861611E+02 -0.7866246E-02
  0.1862607E+02 -0.7846330E-02
  0.1863602E+02 -0.7826888E-02
  0.1864597E+02 -0.7807723E-02
  0.1865592E+02 -0.7788638E-02
  0.1866588E+02 -0.7769436E-02
  0.1867583E+02 -0.7749919E-02
  0.1868578E+02 -0.7729891E-02
  0.1869573E+02 -0.7709153E-02
  0.1870569E+02 -0.7683731E-02
  0.1871564E+02 -0.7654592E-02
  0.1872559E+02 -0.7624772E-02
  0.1873555E+02 -0.7594469E-02
  0.1874550E+02 -0.7563879E-02
  0.1875545E+02 -0.7533200E-02
  0.1876540E+02 -0.7502630E-02
  0.1877536E+02 -0.7472364E-02
  0.1878531E+02 -0.7442601E-02
  0.1879526E+02 -0.7413537E-02
  0.1880521E+02 -0.7387969E-02
  0.1881517E+02 -0.7365705E-02
  0.1882512E+02 -0.7344281E-02
  0.1883507E+02 -0.7323598E-02
  0.1884502E+02 -0.7303559E-02
  0.1885498E+02 -0.7284065E-02
  0.1886493E+02 -0.7265016E-02
  0.1887488E+02 -0.7246315E-02
  0.1888483E+02 -0.7227862E-02
  0.1889479E+02 -0.7209560E-02
  0.1890474E+02 -0.7191309E-02
  0.1891469E+02 -0.7173012E-02
  0.1892464E+02 -0.7154569E-02
  0.1893460E+02 -0.7135882E-02
  0.1894455E+02 -0.7116852E-02
  0.1895450E+02 -0.7097381E-02
  0.1896445E+02 -0.7077370E-02
  0.1897441E+02 -0.7056720E-02
  0.1898436E+02 -0.7035334E-02
  0.1899431E+02 -0.7013111E-02
  0.1900427E+02 -0.6987826E-02
  0.1901422E+02 -0.6958801E-02
  0.1902417E+02 -0.6929066E-02
  0.1903412E+02 -0.6898820E-02
  0.1904408E+02 -0.6868259E-02
  0.1905403E+02 -0.6837581E-02
  0.1906398E+02 -0.6806983E-02
  0.1907393E+02 -0.6776662E-02
  0.1908389E+02 -0.6746814E-02
  0.1909384E+02 -0.6717639E-02
  0.1910379E+02 -0.6691224E-02
  0.1911374E+02 -0.6668832E-02
  0.1912370E+02 -0.6647294E-02
  0.1913365E+02 -0.6626511E-02
  0.1914360E+02 -0.6606386E-02
  0.1915355E+02 -0.6586820E-02
  0.1916351E+02 -0.6567714E-02
  0.1917346E+02 -0.6548969E-02
  0.1918341E+02 -0.6530487E-02
  0.1919336E+02 -0.6512169E-02
  0.1920332E+02 -0.6493365E-02
  0.1921327E+02 -0.6473460E-02
  0.1922322E+02 -0.6453555E-02
  0.1923318E+02 -0.6433649E-02
  0.1924313E+02 -0.6413744E-02
  0.1925308E+02 -0.6393839E-02
  0.1926303E+02 -0.6373934E-02
  0.1927299E+02 -0.6354028E-02
  0.1928294E+02 -0.6334123E-02
  0.1929289E+02 -0.6314218E-02
  0.1930284E+02 -0.6293839E-02
  0.1931280E+02 -0.6272310E-02
  0.1932275E+02 -0.6250907E-02
  0.1933270E+02 -0.6229730E-02
  0.1934265E+02 -0.6208876E-02
  0.1935261E+02 -0.6188445E-02
  0.1936256E+02 -0.6168536E-02
  0.1937251E+02 -0.6149245E-02
  0.1938246E+02 -0.6130674E-02
  0.1939242E+02 -0.6112918E-02
  0.1940237E+02 -0.6097263E-02
  0.1941232E+02 -0.6086321E-02
  0.1942227E+02 -0.6076125E-02
  0.1943223E+02 -0.6066479E-02
  0.1944218E+02 -0.6057184E-02
  0.1945213E+02 -0.6048045E-02
  0.1946209E+02 -0.6038863E-02
  0.1947204E+02 -0.6029442E-02
  0.1948199E+02 -0.6019584E-02
  0.1949194E+02 -0.6009093E-02
  0.1950190E+02 -0.5996823E-02
  0.1951185E+02 -0.5979579E-02
  0.1952180E+02 -0.5961461E-02
  0.1953175E+02 -0.5942570E-02
  0.1954171E+02 -0.5923002E-02
  0.1955166E+02 -0.5902857E-02
  0.1956161E+02 -0.5882232E-02
  0.1957156E+02 -0.5861228E-02
  0.1958152E+02 -0.5839942E-02
  0.1959147E+02 -0.5818473E-02
  0.1960142E+02 -0.5797156E-02
  0.1961137E+02 -0.5777251E-02
  0.1962133E+02 -0.5757346E-02
  0.1963128E+02 -0.5737441E-02
  0.1964123E+02 -0.5717536E-02
  0.1965118E+02 -0.5697630E-02
  0.1966114E+02 -0.5677725E-02
  0.1967109E+02 -0.5657820E-02
  0.1968104E+02 -0.5637915E-02
  0.1969100E+02 -0.5618009E-02
  0.1970095E+02 -0.5597946E-02
  0.1971090E+02 -0.5576404E-02
  0.1972085E+02 -0.5554969E-02
  0.1973081E+02 -0.5533742E-02
  0.1974076E+02 -0.5512819E-02
  0.1975071E+02 -0.5492300E-02
  0.1976066E+02 -0.5472283E-02
  0.1977062E+02 -0.5452867E-02
  0.1978057E+02 -0.5434151E-02
  0.1979052E+02 -0.5416233E-02
  0.1980047E+02 -0.5399369E-02
  0.1981043E+02 -0.5386623E-02
  0.1982038E+02 -0.5374763E-02
  0.1983033E+02 -0.5363693E-02
  0.1984028E+02 -0.5353312E-02
  0.1985024E+02 -0.5343523E-02
  0.1986019E+02 -0.5334227E-02
  0.1987014E+02 -0.5325325E-02
  0.1988009E+02 -0.5316719E-02
  0.1989005E+02 -0.5308310E-02
  0.1990000E+02 -0.5300000E-02
